f:\documents\1 studying\monash\2016-s1\3094\assignments\2\volleyball\vc2013\debug\vc120.pdb
f:\documents\1 studying\monash\2016-s1\3094\assignments\2\volleyball\vc2013\debug\vc120.idb
f:\documents\1 studying\monash\2016-s1\3094\assignments\2\volleyball\vc2013\debug\agent.obj
f:\documents\1 studying\monash\2016-s1\3094\assignments\2\volleyball\vc2013\debug\ball.obj
f:\documents\1 studying\monash\2016-s1\3094\assignments\2\volleyball\vc2013\debug\bot.obj
f:\documents\1 studying\monash\2016-s1\3094\assignments\2\volleyball\vc2013\debug\dna.obj
f:\documents\1 studying\monash\2016-s1\3094\assignments\2\volleyball\vc2013\debug\net.obj
f:\documents\1 studying\monash\2016-s1\3094\assignments\2\volleyball\vc2013\debug\perceptron.obj
f:\documents\1 studying\monash\2016-s1\3094\assignments\2\volleyball\vc2013\debug\population.obj
f:\documents\1 studying\monash\2016-s1\3094\assignments\2\volleyball\vc2013\debug\volleyballapp.obj
f:\documents\1 studying\monash\2016-s1\3094\assignments\2\volleyball\vc2013\debug\volleyball.ilk
f:\documents\1 studying\monash\2016-s1\3094\assignments\2\volleyball\vc2013\debug\volleyball.exe
f:\documents\1 studying\monash\2016-s1\3094\assignments\2\volleyball\vc2013\debug\volleyball.pdb
f:\documents\1 studying\monash\2016-s1\3094\assignments\2\volleyball\vc2013\debug\resources.res
f:\documents\1 studying\monash\2016-s1\3094\assignments\2\volleyball\vc2013\debug\volleyball.tlog\cl.command.1.tlog
f:\documents\1 studying\monash\2016-s1\3094\assignments\2\volleyball\vc2013\debug\volleyball.tlog\cl.read.1.tlog
f:\documents\1 studying\monash\2016-s1\3094\assignments\2\volleyball\vc2013\debug\volleyball.tlog\cl.write.1.tlog
f:\documents\1 studying\monash\2016-s1\3094\assignments\2\volleyball\vc2013\debug\volleyball.tlog\link.command.1.tlog
f:\documents\1 studying\monash\2016-s1\3094\assignments\2\volleyball\vc2013\debug\volleyball.tlog\link.read.1.tlog
f:\documents\1 studying\monash\2016-s1\3094\assignments\2\volleyball\vc2013\debug\volleyball.tlog\link.write.1.tlog
f:\documents\1 studying\monash\2016-s1\3094\assignments\2\volleyball\vc2013\debug\volleyball.tlog\rc.command.1.tlog
f:\documents\1 studying\monash\2016-s1\3094\assignments\2\volleyball\vc2013\debug\volleyball.tlog\rc.read.1.tlog
f:\documents\1 studying\monash\2016-s1\3094\assignments\2\volleyball\vc2013\debug\volleyball.tlog\rc.write.1.tlog
